 Attempting to connect to TeraChem server using host localhost and port 
       12345 .
 Successfully connected to TeraChem server.
 TeraChem setup completed with success.
 
 Computed energy and gradient with success.
 Results from 1st calculation (one water molecule in the QM region and one in th
 e MM region)
E =   -76.0159356313 Hartrees
QM Grad(  1,:) =    -0.0436418029    0.0482951421   -0.0495491374 Hartree/Bohr
QM Grad(  2,:) =    -0.0258616622   -0.0530839266    0.0042166773 Hartree/Bohr
QM Grad(  3,:) =     0.0766392859   -0.0000119124    0.0449301211 Hartree/Bohr
MM Grad(  1,:) =    -0.0286420277    0.0204081566    0.0014549894 Hartree/Bohr
MM Grad(  2,:) =     0.0259351594   -0.0225405193    0.0008346312 Hartree/Bohr
MM Grad(  3,:) =    -0.0044289525    0.0069330596   -0.0018872816 Hartree/Bohr
 
 Computed energy and gradient with success.
 Results from 2nd calculation (one water molecule in the QM region and one in th
 e MM region)
E =   -76.0159355956 Hartrees
QM Grad(  1,:) =    -0.0436393036    0.0482928024   -0.0495456002 Hartree/Bohr
QM Grad(  2,:) =    -0.0258619051   -0.0530821665    0.0042155083 Hartree/Bohr
QM Grad(  3,:) =     0.0766368747   -0.0000115200    0.0449274536 Hartree/Bohr
MM Grad(  1,:) =    -0.0286418411    0.0204084093    0.0014553624 Hartree/Bohr
MM Grad(  2,:) =     0.0259351840   -0.0225406833    0.0008345909 Hartree/Bohr
MM Grad(  3,:) =    -0.0044290089    0.0069331580   -0.0018873150 Hartree/Bohr
