 Attempting to connect to TeraChem server using host localhost and port 
       12345 .
 Successfully connected to TeraChem server.
 TeraChem setup completed with success.
 
 Computed energy and gradient with success.
 Results from 1st calculation (only one water molecule in the QM region)
E =   -76.0022844529 Hartrees
QM Grad(  1,:) =    -0.0642406389    0.0370956894   -0.0713555244 Hartree/Bohr
QM Grad(  2,:) =    -0.0266141336   -0.0518062910    0.0036404714 Hartree/Bohr
QM Grad(  3,:) =     0.0908547725    0.0147106016    0.0677150530 Hartree/Bohr
 
 Computed energy and gradient with success.
 Results from 2nd calculation (one water molecule in the QM region and five in t
 he MM region)
E =   -76.0387136202 Hartrees
QM Grad(  1,:) =    -0.0620228992    0.0306042719   -0.0738584300 Hartree/Bohr
QM Grad(  2,:) =    -0.0247730918   -0.0505936249    0.0075343399 Hartree/Bohr
QM Grad(  3,:) =     0.0745816275    0.0010694597    0.0466699213 Hartree/Bohr
MM Grad(  1,:) =     0.0168460171    0.0176625990    0.0202798044 Hartree/Bohr
MM Grad(  2,:) =    -0.0052857625   -0.0011172722   -0.0025479304 Hartree/Bohr
MM Grad(  3,:) =    -0.0012305925   -0.0049104979   -0.0011060954 Hartree/Bohr
MM Grad(  4,:) =     0.0047910601   -0.0062894768   -0.0061427873 Hartree/Bohr
MM Grad(  5,:) =    -0.0070490571    0.0137660684    0.0088585537 Hartree/Bohr
MM Grad(  6,:) =     0.0004543012    0.0013874748    0.0023238938 Hartree/Bohr
MM Grad(  7,:) =     0.0018573909    0.0001200179   -0.0051518436 Hartree/Bohr
MM Grad(  8,:) =    -0.0002598901   -0.0006551840    0.0015615260 Hartree/Bohr
MM Grad(  9,:) =    -0.0003799402    0.0007765587    0.0013011774 Hartree/Bohr
MM Grad( 10,:) =    -0.0046678910    0.0008143729    0.0014719507 Hartree/Bohr
MM Grad( 11,:) =     0.0058564219   -0.0020721504   -0.0012500201 Hartree/Bohr
MM Grad( 12,:) =     0.0011666960   -0.0005276604    0.0001503219 Hartree/Bohr
MM Grad( 13,:) =    -0.0018475362   -0.0000440529    0.0030407461 Hartree/Bohr
MM Grad( 14,:) =     0.0003060682    0.0010221060   -0.0022137623 Hartree/Bohr
MM Grad( 15,:) =     0.0016570779   -0.0010130100   -0.0009213661 Hartree/Bohr
 
 Computed energy and gradient with success.
 Results from 3rd calculation (just repeating the 2nd calculation)
E =   -76.0387136123 Hartrees
QM Grad(  1,:) =    -0.0620194357    0.0305990750   -0.0738538591 Hartree/Bohr
QM Grad(  2,:) =    -0.0247672596   -0.0505866192    0.0075303638 Hartree/Bohr
QM Grad(  3,:) =     0.0745722054    0.0010677314    0.0466694855 Hartree/Bohr
MM Grad(  1,:) =     0.0168462247    0.0176626634    0.0202796606 Hartree/Bohr
MM Grad(  2,:) =    -0.0052857902   -0.0011172757   -0.0025478976 Hartree/Bohr
MM Grad(  3,:) =    -0.0012306275   -0.0049105039   -0.0011060668 Hartree/Bohr
MM Grad(  4,:) =     0.0047909574   -0.0062894162   -0.0061427559 Hartree/Bohr
MM Grad(  5,:) =    -0.0070489471    0.0137659197    0.0088585062 Hartree/Bohr
MM Grad(  6,:) =     0.0004543197    0.0013874419    0.0023238765 Hartree/Bohr
MM Grad(  7,:) =     0.0018573313    0.0001199890   -0.0051518124 Hartree/Bohr
MM Grad(  8,:) =    -0.0002598724   -0.0006551795    0.0015615109 Hartree/Bohr
MM Grad(  9,:) =    -0.0003799223    0.0007765529    0.0013011663 Hartree/Bohr
MM Grad( 10,:) =    -0.0046678655    0.0008143712    0.0014719602 Hartree/Bohr
MM Grad( 11,:) =     0.0058563743   -0.0020721605   -0.0012500400 Hartree/Bohr
MM Grad( 12,:) =     0.0011666918   -0.0005276603    0.0001503173 Hartree/Bohr
MM Grad( 13,:) =    -0.0018475864   -0.0000441057    0.0030407274 Hartree/Bohr
MM Grad( 14,:) =     0.0003060838    0.0010221440   -0.0022137721 Hartree/Bohr
MM Grad( 15,:) =     0.0016571183   -0.0010129676   -0.0009213710 Hartree/Bohr
 
 Computed energy and gradient with success.
 Results from 4th calculation (changed coordinates of the QM region)
E =   -76.0548152889 Hartrees
QM Grad(  1,:) =     0.0277853774   -0.0016369513    0.0124164694 Hartree/Bohr
QM Grad(  2,:) =    -0.0340403806   -0.0300349490   -0.0126915118 Hartree/Bohr
QM Grad(  3,:) =    -0.0022279424    0.0127779057   -0.0179219261 Hartree/Bohr
MM Grad(  1,:) =     0.0126910302    0.0153657018    0.0211217166 Hartree/Bohr
MM Grad(  2,:) =    -0.0043962218   -0.0009158453   -0.0029765323 Hartree/Bohr
MM Grad(  3,:) =    -0.0005489751   -0.0044261435   -0.0016275420 Hartree/Bohr
MM Grad(  4,:) =     0.0063032470   -0.0083947351   -0.0042624902 Hartree/Bohr
MM Grad(  5,:) =    -0.0086801295    0.0164770036    0.0044569696 Hartree/Bohr
MM Grad(  6,:) =     0.0002138227    0.0024718914    0.0021228080 Hartree/Bohr
MM Grad(  7,:) =     0.0021354802   -0.0020712607   -0.0046028992 Hartree/Bohr
MM Grad(  8,:) =    -0.0001875607    0.0001819157    0.0016904130 Hartree/Bohr
MM Grad(  9,:) =    -0.0004087048    0.0012011603    0.0009645995 Hartree/Bohr
MM Grad( 10,:) =    -0.0027383849    0.0011796748    0.0001970780 Hartree/Bohr
MM Grad( 11,:) =     0.0032142770   -0.0017502504    0.0000634532 Hartree/Bohr
MM Grad( 12,:) =     0.0005370657   -0.0004495643    0.0003930278 Hartree/Bohr
MM Grad( 13,:) =    -0.0017946943    0.0016373740    0.0010381927 Hartree/Bohr
MM Grad( 14,:) =     0.0008848209    0.0000738152   -0.0013955991 Hartree/Bohr
MM Grad( 15,:) =     0.0012578729   -0.0016867429    0.0010137729 Hartree/Bohr
 
 Computed energy and gradient with success.
 Results from 5th calculation (moved one molecule from the MM to the QM region)
E =  -152.0466482506 Hartrees
QM Grad(  1,:) =    -0.0481676593    0.0386349853   -0.0649772250 Hartree/Bohr
QM Grad(  2,:) =    -0.0221502077   -0.0518804670    0.0102667720 Hartree/Bohr
QM Grad(  3,:) =     0.0889511142    0.0087806290    0.0683852591 Hartree/Bohr
QM Grad(  4,:) =    -0.0642057374    0.0014942988   -0.0234318485 Hartree/Bohr
QM Grad(  5,:) =     0.0360945204   -0.0166648033    0.0031908778 Hartree/Bohr
QM Grad(  6,:) =     0.0073674759    0.0109357574    0.0029558736 Hartree/Bohr
MM Grad(  1,:) =     0.0063289679   -0.0099814846   -0.0066612746 Hartree/Bohr
MM Grad(  2,:) =    -0.0091756390    0.0174865641    0.0090410916 Hartree/Bohr
MM Grad(  3,:) =     0.0009353361    0.0034408626    0.0026878477 Hartree/Bohr
MM Grad(  4,:) =     0.0009505293    0.0024132640   -0.0037969578 Hartree/Bohr
MM Grad(  5,:) =    -0.0001065371   -0.0014103202    0.0008991090 Hartree/Bohr
MM Grad(  6,:) =    -0.0000559438   -0.0000267964    0.0010201811 Hartree/Bohr
MM Grad(  7,:) =    -0.0069573917    0.0001617030    0.0027488148 Hartree/Bohr
MM Grad(  8,:) =     0.0078233685   -0.0021738059   -0.0029913824 Hartree/Bohr
MM Grad(  9,:) =     0.0021162875   -0.0003868007    0.0000012675 Hartree/Bohr
MM Grad( 10,:) =    -0.0011105967    0.0031666451   -0.0000889617 Hartree/Bohr
MM Grad( 11,:) =     0.0014790428   -0.0015914500   -0.0006121920 Hartree/Bohr
MM Grad( 12,:) =    -0.0001169298   -0.0023987813    0.0013627478 Hartree/Bohr
